c:\users\lenovo\source\repos\opengl_practice\x64\debug\vc142.pdb
c:\users\lenovo\source\repos\opengl_practice\x64\debug\vc142.idb
c:\users\lenovo\source\repos\opengl_practice\x64\debug\vbo.obj
c:\users\lenovo\source\repos\opengl_practice\x64\debug\vao.obj
c:\users\lenovo\source\repos\opengl_practice\x64\debug\texture.obj
c:\users\lenovo\source\repos\opengl_practice\x64\debug\stb.obj
c:\users\lenovo\source\repos\opengl_practice\x64\debug\shader.obj
c:\users\lenovo\source\repos\opengl_practice\x64\debug\model.obj
c:\users\lenovo\source\repos\opengl_practice\x64\debug\mesh.obj
c:\users\lenovo\source\repos\opengl_practice\x64\debug\ground.obj
c:\users\lenovo\source\repos\opengl_practice\x64\debug\ebo.obj
c:\users\lenovo\source\repos\opengl_practice\x64\debug\camera.obj
c:\users\lenovo\source\repos\opengl_practice\x64\debug\glad.obj
c:\users\lenovo\source\repos\opengl_practice\x64\debug\main.obj
c:\users\lenovo\source\repos\opengl_practice\x64\debug\opengl_practice.exe
c:\users\lenovo\source\repos\opengl_practice\x64\debug\opengl_practice.ilk
c:\users\lenovo\source\repos\opengl_practice\x64\debug\opengl_practice.pdb
c:\users\lenovo\source\repos\opengl_practice\x64\debug\opengl_practice.tlog\cl.command.1.tlog
c:\users\lenovo\source\repos\opengl_practice\x64\debug\opengl_practice.tlog\cl.read.1.tlog
c:\users\lenovo\source\repos\opengl_practice\x64\debug\opengl_practice.tlog\cl.write.1.tlog
c:\users\lenovo\source\repos\opengl_practice\x64\debug\opengl_practice.tlog\link.command.1.tlog
c:\users\lenovo\source\repos\opengl_practice\x64\debug\opengl_practice.tlog\link.read.1.tlog
c:\users\lenovo\source\repos\opengl_practice\x64\debug\opengl_practice.tlog\link.write.1.tlog
