  EBO.cpp
  Main.cpp
C:\Users\Lenovo\source\repos\OpenGL_Homeworks\Point2D.h(5,25): warning C4244: “初始化”: 从“double”转换到“GLfloat”，可能丢失数据
C:\Users\Lenovo\source\repos\OpenGL_Homeworks\Point2D.h(5,19): warning C4244: “初始化”: 从“double”转换到“const GLfloat”，可能丢失数据
C:\Users\Lenovo\source\repos\OpenGL_Homeworks\Point2D.h(45,14): warning C4244: “初始化”: 从“double”转换到“float”，可能丢失数据
C:\Users\Lenovo\source\repos\OpenGL_Homeworks\Point2D.h(92,25): warning C4244: “=”: 从“double”转换到“float”，可能丢失数据
C:\Users\Lenovo\source\repos\OpenGL_Homeworks\Point2D.h(93,25): warning C4244: “=”: 从“double”转换到“float”，可能丢失数据
C:\Users\Lenovo\source\repos\OpenGL_Homeworks\Point2D.h(99,13): warning C4244: “return”: 从“double”转换到“float”，可能丢失数据
C:\Users\Lenovo\source\repos\OpenGL_Homeworks\Line.h(19,15): warning C4244: “=”: 从“double”转换到“float”，可能丢失数据
C:\Users\Lenovo\source\repos\OpenGL_Homeworks\Line.h(34,15): warning C4244: “=”: 从“double”转换到“float”，可能丢失数据
C:\Users\Lenovo\source\repos\OpenGL_Homeworks\Main.cpp(98,21): warning C4244: “参数”: 从“double”转换到“float”，可能丢失数据
C:\Users\Lenovo\source\repos\OpenGL_Homeworks\Main.cpp(99,20): warning C4244: “参数”: 从“double”转换到“float”，可能丢失数据
C:\Users\Lenovo\source\repos\OpenGL_Homeworks\Main.cpp(174,21): warning C4244: “初始化”: 从“float”转换到“GLint”，可能丢失数据
C:\Users\Lenovo\source\repos\OpenGL_Homeworks\Main.cpp(217,28): warning C4267: “初始化”: 从“size_t”转换到“int”，可能丢失数据
C:\Users\Lenovo\source\repos\OpenGL_Homeworks\Main.cpp(256,19): warning C4244: “初始化”: 从“double”转换到“float”，可能丢失数据
C:\Users\Lenovo\source\repos\OpenGL_Homeworks\Main.cpp(277,23): warning C4305: “+=”: 从“double”到“GLfloat”截断
  Shader.cpp
  VAO.cpp
  VAO.h
  VBO.cpp
  glad.c
x64\Release\VAO.obj : warning LNK4042: 对象被多次指定；已忽略多余的指定
LINK : warning LNK4098: 默认库“MSVCRTD”与其他库的使用冲突；请使用 /NODEFAULTLIB:library
  正在生成代码
  Previous IPDB not found, fall back to full compilation.
  All 312 functions were compiled because no usable IPDB/IOBJ from previous compilation was found.
  已完成代码的生成
  OpenGL_Homeworks.vcxproj -> C:\Users\Lenovo\source\repos\OpenGL_Homeworks\x64\Release\OpenGL_Homeworks.exe
